<?xml version="1.0" encoding="UTF-8"?>
<!-- Generated by org.testng.reporters.JUnitReportReporter -->
<testsuite hostname="DESKTOP-3HKGQMM" failures="0" tests="1" name="com.test.vagrant.tech.tests.ProblemStatement" time="0.057" errors="0" timestamp="18 Apr 2023 18:00:13 GMT" skipped="0">
  <testcase classname="com.test.vagrant.tech.tests.ProblemStatement" name="verifyForeignPlayersTeamSize" time="0.057"/>
</testsuite> <!-- com.test.vagrant.tech.tests.ProblemStatement -->
